<?xml version="1.0" encoding="UTF-8"?>
<!-- Generated by org.testng.reporters.JUnitReportReporter -->
<testsuite skipped="0" hostname="shanky" name="com.weather.assignment.test.web.srp.WeatherWebTest" tests="1" failures="0" timestamp="22 Jul 2020 14:28:18 GMT" time="26.613" errors="0">
  <testcase name="NDTVWeatherWorkflow" time="26.613" classname="com.weather.assignment.test.web.srp.WeatherWebTest"/>
</testsuite> <!-- com.weather.assignment.test.web.srp.WeatherWebTest -->
