<?xml version="1.0" encoding="UTF-8"?>
<!-- Generated by org.testng.reporters.JUnitReportReporter -->
<testsuite skipped="0" hostname="shanky" name="com.weather.assignment.test.api.testScript.WeatherAPITest" tests="1" failures="0" timestamp="22 Jul 2020 15:19:41 GMT" time="1.644" errors="0">
  <testcase name="getByCoordinates" time="1.644" classname="com.weather.assignment.test.api.testScript.WeatherAPITest"/>
</testsuite> <!-- com.weather.assignment.test.api.testScript.WeatherAPITest -->
