<?xml version="1.0" encoding="UTF-8"?>
<!-- Generated by org.testng.reporters.JUnitReportReporter -->
<testsuite skipped="0" hostname="shanky" name="com.weather.assignment.test.web.testScript.WeatherWebTest" tests="1" failures="0" timestamp="22 Jul 2020 15:19:41 GMT" time="45.556" errors="0">
  <testcase name="NDTVWeatherWorkflow" time="45.556" classname="com.weather.assignment.test.web.testScript.WeatherWebTest"/>
</testsuite> <!-- com.weather.assignment.test.web.testScript.WeatherWebTest -->
